<?xml version="1.0" encoding="UTF-8"?>
<testsuite name="com.bridgelabz.indiancensusAnalyser.CensusAnalyserTest" tests="1" skipped="0" failures="0" errors="0" timestamp="2020-06-29T20:01:45" hostname="KAJAL-LAPTOP" time="0.007">
  <properties/>
  <testcase name="givenIndiaCensusData_WithWrongFileState_ShouldThrowException" classname="com.bridgelabz.indiancensusAnalyser.CensusAnalyserTest" time="0.007"/>
  <system-out><![CDATA[Wrong Extension
]]></system-out>
  <system-err><![CDATA[]]></system-err>
</testsuite>
