<?xml version="1.0" encoding="UTF-8"?>
<testsuite name="com.bridgelabz.indiancensusAnalyser.CensusAnalyserTest" tests="1" skipped="0" failures="0" errors="0" timestamp="2020-07-06T21:23:07" hostname="KAJAL-LAPTOP" time="0.079">
  <properties/>
  <testcase name="givenIndianStateCsvFile_WhenImproperHeader_ShouldThrowException" classname="com.bridgelabz.indiancensusAnalyser.CensusAnalyserTest" time="0.079"/>
  <system-out><![CDATA[Invalid header or delimiter
]]></system-out>
  <system-err><![CDATA[]]></system-err>
</testsuite>
