<?xml version="1.0" encoding="UTF-8"?>
<testsuite name="com.bridgelabz.indiancensusAnalyser.CensusAnalyserTest" tests="1" skipped="0" failures="1" errors="0" timestamp="2020-07-05T19:10:31" hostname="KAJAL-LAPTOP" time="0.332">
  <properties/>
  <testcase name="giveIndianCensusData_WhenSortOnState_ShouldReturnSortedResult" classname="com.bridgelabz.indiancensusAnalyser.CensusAnalyserTest" time="0.332">
    <failure message="org.junit.ComparisonFailure: expected:&lt;[]ndhra Pradesh&gt; but was:&lt;[A]ndhra Pradesh&gt;" type="org.junit.ComparisonFailure">org.junit.ComparisonFailure: expected:&lt;[]ndhra Pradesh&gt; but was:&lt;[A]ndhra Pradesh&gt;
	at org.junit.Assert.assertEquals(Assert.java:115)
	at org.junit.Assert.assertEquals(Assert.java:144)
	at com.bridgelabz.indiancensusAnalyser.CensusAnalyserTest.giveIndianCensusData_WhenSortOnState_ShouldReturnSortedResult(CensusAnalyserTest.java:147)
	at java.base/jdk.internal.reflect.NativeMethodAccessorImpl.invoke0(Native Method)
	at java.base/jdk.internal.reflect.NativeMethodAccessorImpl.invoke(NativeMethodAccessorImpl.java:62)
	at java.base/jdk.internal.reflect.DelegatingMethodAccessorImpl.invoke(DelegatingMethodAccessorImpl.java:43)
	at java.base/java.lang.reflect.Method.invoke(Method.java:567)
	at org.junit.runners.model.FrameworkMethod$1.runReflectiveCall(FrameworkMethod.java:50)
	at org.junit.internal.runners.model.ReflectiveCallable.run(ReflectiveCallable.java:12)
	at org.junit.runners.model.FrameworkMethod.invokeExplosively(FrameworkMethod.java:47)
	at org.junit.internal.runners.statements.InvokeMethod.evaluate(InvokeMethod.java:17)
	at org.junit.runners.ParentRunner.runLeaf(ParentRunner.java:325)
	at org.junit.runners.BlockJUnit4ClassRunner.runChild(BlockJUnit4ClassRunner.java:78)
	at org.junit.runners.BlockJUnit4ClassRunner.runChild(BlockJUnit4ClassRunner.java:57)
	at org.junit.runners.ParentRunner$3.run(ParentRunner.java:290)
	at org.junit.runners.ParentRunner$1.schedule(ParentRunner.java:71)
	at org.junit.runners.ParentRunner.runChildren(ParentRunner.java:288)
	at org.junit.runners.ParentRunner.access$000(ParentRunner.java:58)
	at org.junit.runners.ParentRunner$2.evaluate(ParentRunner.java:268)
	at org.junit.runners.ParentRunner.run(ParentRunner.java:363)
	at org.gradle.api.internal.tasks.testing.junit.JUnitTestClassExecutor.runTestClass(JUnitTestClassExecutor.java:110)
	at org.gradle.api.internal.tasks.testing.junit.JUnitTestClassExecutor.execute(JUnitTestClassExecutor.java:58)
	at org.gradle.api.internal.tasks.testing.junit.JUnitTestClassExecutor.execute(JUnitTestClassExecutor.java:38)
	at org.gradle.api.internal.tasks.testing.junit.AbstractJUnitTestClassProcessor.processTestClass(AbstractJUnitTestClassProcessor.java:62)
	at org.gradle.api.internal.tasks.testing.SuiteTestClassProcessor.processTestClass(SuiteTestClassProcessor.java:51)
	at java.base/jdk.internal.reflect.NativeMethodAccessorImpl.invoke0(Native Method)
	at java.base/jdk.internal.reflect.NativeMethodAccessorImpl.invoke(NativeMethodAccessorImpl.java:62)
	at java.base/jdk.internal.reflect.DelegatingMethodAccessorImpl.invoke(DelegatingMethodAccessorImpl.java:43)
	at java.base/java.lang.reflect.Method.invoke(Method.java:567)
	at org.gradle.internal.dispatch.ReflectionDispatch.dispatch(ReflectionDispatch.java:36)
	at org.gradle.internal.dispatch.ReflectionDispatch.dispatch(ReflectionDispatch.java:24)
	at org.gradle.internal.dispatch.ContextClassLoaderDispatch.dispatch(ContextClassLoaderDispatch.java:33)
	at org.gradle.internal.dispatch.ProxyDispatchAdapter$DispatchingInvocationHandler.invoke(ProxyDispatchAdapter.java:94)
	at com.sun.proxy.$Proxy2.processTestClass(Unknown Source)
	at org.gradle.api.internal.tasks.testing.worker.TestWorker.processTestClass(TestWorker.java:118)
	at java.base/jdk.internal.reflect.NativeMethodAccessorImpl.invoke0(Native Method)
	at java.base/jdk.internal.reflect.NativeMethodAccessorImpl.invoke(NativeMethodAccessorImpl.java:62)
	at java.base/jdk.internal.reflect.DelegatingMethodAccessorImpl.invoke(DelegatingMethodAccessorImpl.java:43)
	at java.base/java.lang.reflect.Method.invoke(Method.java:567)
	at org.gradle.internal.dispatch.ReflectionDispatch.dispatch(ReflectionDispatch.java:36)
	at org.gradle.internal.dispatch.ReflectionDispatch.dispatch(ReflectionDispatch.java:24)
	at org.gradle.internal.remote.internal.hub.MessageHubBackedObjectConnection$DispatchWrapper.dispatch(MessageHubBackedObjectConnection.java:182)
	at org.gradle.internal.remote.internal.hub.MessageHubBackedObjectConnection$DispatchWrapper.dispatch(MessageHubBackedObjectConnection.java:164)
	at org.gradle.internal.remote.internal.hub.MessageHub$Handler.run(MessageHub.java:412)
	at org.gradle.internal.concurrent.ExecutorPolicy$CatchAndRecordFailures.onExecute(ExecutorPolicy.java:64)
	at org.gradle.internal.concurrent.ManagedExecutorImpl$1.run(ManagedExecutorImpl.java:48)
	at java.base/java.util.concurrent.ThreadPoolExecutor.runWorker(ThreadPoolExecutor.java:1128)
	at java.base/java.util.concurrent.ThreadPoolExecutor$Worker.run(ThreadPoolExecutor.java:628)
	at org.gradle.internal.concurrent.ThreadFactoryImpl$ManagedThreadRunnable.run(ThreadFactoryImpl.java:56)
	at java.base/java.lang.Thread.run(Thread.java:830)
</failure>
  </testcase>
  <system-out><![CDATA[[com.bridgelabz.indiancensusanalyser.model.CensusDAO@568e86da, com.bridgelabz.indiancensusanalyser.model.CensusDAO@860f1b1, com.bridgelabz.indiancensusanalyser.model.CensusDAO@472b163c, com.bridgelabz.indiancensusanalyser.model.CensusDAO@c365e0d, com.bridgelabz.indiancensusanalyser.model.CensusDAO@2e2ca107, com.bridgelabz.indiancensusanalyser.model.CensusDAO@214e300a, com.bridgelabz.indiancensusanalyser.model.CensusDAO@3e4b48e9, com.bridgelabz.indiancensusanalyser.model.CensusDAO@b3bf1b, com.bridgelabz.indiancensusanalyser.model.CensusDAO@4bdc0293, com.bridgelabz.indiancensusanalyser.model.CensusDAO@1bc2a582, com.bridgelabz.indiancensusanalyser.model.CensusDAO@7faaba13, com.bridgelabz.indiancensusanalyser.model.CensusDAO@627c899a, com.bridgelabz.indiancensusanalyser.model.CensusDAO@491fd7dc, com.bridgelabz.indiancensusanalyser.model.CensusDAO@477f95c8, com.bridgelabz.indiancensusanalyser.model.CensusDAO@6dafc516, com.bridgelabz.indiancensusanalyser.model.CensusDAO@6b19b160, com.bridgelabz.indiancensusanalyser.model.CensusDAO@5c8f2ae8, com.bridgelabz.indiancensusanalyser.model.CensusDAO@67e52564, com.bridgelabz.indiancensusanalyser.model.CensusDAO@74f1cbfb, com.bridgelabz.indiancensusanalyser.model.CensusDAO@52c5e6b4, com.bridgelabz.indiancensusanalyser.model.CensusDAO@77384e6e, com.bridgelabz.indiancensusanalyser.model.CensusDAO@39389be8, com.bridgelabz.indiancensusanalyser.model.CensusDAO@436c2127, com.bridgelabz.indiancensusanalyser.model.CensusDAO@3e618fb8, com.bridgelabz.indiancensusanalyser.model.CensusDAO@b1ffd24, com.bridgelabz.indiancensusanalyser.model.CensusDAO@7605c074, com.bridgelabz.indiancensusanalyser.model.CensusDAO@54c2a28a, com.bridgelabz.indiancensusanalyser.model.CensusDAO@66ecfbe5, com.bridgelabz.indiancensusanalyser.model.CensusDAO@12eedcc1]
]]></system-out>
  <system-err><![CDATA[]]></system-err>
</testsuite>
