<?xml version="1.0" encoding="UTF-8"?>
<testsuite name="com.bridgelabz.indiancensusAnalyser.CensusAnalyserTest" tests="18" skipped="0" failures="0" errors="0" timestamp="2020-07-08T03:41:11" hostname="KAJAL-LAPTOP" time="0.704">
  <properties/>
  <testcase name="givenIndianStateCsvFile_WhenImproperDelimiter_ShouldThrowException" classname="com.bridgelabz.indiancensusAnalyser.CensusAnalyserTest" time="0.068"/>
  <testcase name="givenIndiaStateData_WithWrongFilePath_ShouldThrowException" classname="com.bridgelabz.indiancensusAnalyser.CensusAnalyserTest" time="0.001"/>
  <testcase name="giveIndianCensusData_WhenSortOnArea_ShouldReturnSortedResult" classname="com.bridgelabz.indiancensusAnalyser.CensusAnalyserTest" time="0.214"/>
  <testcase name="givenUsCensusCSVFile_ReturnsCorrectRecords" classname="com.bridgelabz.indiancensusAnalyser.CensusAnalyserTest" time="0.114"/>
  <testcase name="givenIndianCensusCSVFileReturnsCorrectRecords" classname="com.bridgelabz.indiancensusAnalyser.CensusAnalyserTest" time="0.022"/>
  <testcase name="giveIndianCensusData_WhenSortOnState_ShouldReturnSortedResult" classname="com.bridgelabz.indiancensusAnalyser.CensusAnalyserTest" time="0.041"/>
  <testcase name="givenIndiaStateData_WithWrongFileState_ShouldThrowException" classname="com.bridgelabz.indiancensusAnalyser.CensusAnalyserTest" time="0.002"/>
  <testcase name="givenIndianCensusCsvFile_WhenImproperHeader_ShouldThrowException" classname="com.bridgelabz.indiancensusAnalyser.CensusAnalyserTest" time="0.002"/>
  <testcase name="givenIndiaCensusData_WithWrongFileState_ShouldThrowException" classname="com.bridgelabz.indiancensusAnalyser.CensusAnalyserTest" time="0.001"/>
  <testcase name="giveIndiaStateCode_WhenSortOnStateCode_ShouldReturnSortedResult" classname="com.bridgelabz.indiancensusAnalyser.CensusAnalyserTest" time="0.024"/>
  <testcase name="givenUSAndIndiaCensusFile_ShouldReturn_MostPopulousState_withDensity" classname="com.bridgelabz.indiancensusAnalyser.CensusAnalyserTest" time="0.031"/>
  <testcase name="givenIndianCensusCsvFile_WhenImproperDelimiter_ShouldThrowException" classname="com.bridgelabz.indiancensusAnalyser.CensusAnalyserTest" time="0.002"/>
  <testcase name="givenIndiaCensusData_WithWrongFilePath_ShouldThrowException" classname="com.bridgelabz.indiancensusAnalyser.CensusAnalyserTest" time="0.001"/>
  <testcase name="givenIndianStateCsvFile_WhenImproperHeader_ShouldThrowException" classname="com.bridgelabz.indiancensusAnalyser.CensusAnalyserTest" time="0.003"/>
  <testcase name="givenIndiaStateCodeCSVFileReturnsCorrectRecords" classname="com.bridgelabz.indiancensusAnalyser.CensusAnalyserTest" time="0.016"/>
  <testcase name="giveIndianCensusData_WhenSortOnPopulation_ShouldReturnSortedResult" classname="com.bridgelabz.indiancensusAnalyser.CensusAnalyserTest" time="0.026"/>
  <testcase name="givenUSCensusCSVFile_Return_MaximumPopulationState" classname="com.bridgelabz.indiancensusAnalyser.CensusAnalyserTest" time="0.079"/>
  <testcase name="giveIndianCensusData_WhenSortOnDensity_ShouldReturnSortedResult" classname="com.bridgelabz.indiancensusAnalyser.CensusAnalyserTest" time="0.041"/>
  <system-out><![CDATA[Invalid header or delimiter
.\src\main\resources\IndiaStateCensusData.csv
.\src\test\resources\IndiaStateCode.sh
Invalid header or delimiter
.\src\test\resources\IndiaStateCensusData.sh
Invalid header or delimiter
.\src\main\resources\IndiaStateCensusData.csv
Invalid header or delimiter
]]></system-out>
  <system-err><![CDATA[]]></system-err>
</testsuite>
