<?xml version="1.0" encoding="UTF-8"?>
<testsuite name="com.bridgelabz.indiancensusAnalyser.CensusAnalyserTest" tests="1" skipped="0" failures="0" errors="0" timestamp="2020-06-30T04:38:55" hostname="KAJAL-LAPTOP" time="0.091">
  <properties/>
  <testcase name="givenIndianStateCsvFile_WhenImproperDelimiter_ShouldThrowException" classname="com.bridgelabz.indiancensusAnalyser.CensusAnalyserTest" time="0.091"/>
  <system-out><![CDATA[Wrong delimiter OR Header
]]></system-out>
  <system-err><![CDATA[]]></system-err>
</testsuite>
