<?xml version="1.0" encoding="UTF-8"?>
<testsuite name="com.bridgelabz.indiancensusAnalyser.CensusAnalyserTest" tests="1" skipped="0" failures="0" errors="0" timestamp="2020-07-04T16:21:18" hostname="KAJAL-LAPTOP" time="0.296">
  <properties/>
  <testcase name="givenUsCensusCSVFile_ReturnsCorrectRecords" classname="com.bridgelabz.indiancensusAnalyser.CensusAnalyserTest" time="0.296"/>
  <system-out><![CDATA[]]></system-out>
  <system-err><![CDATA[]]></system-err>
</testsuite>
