<?xml version="1.0" encoding="UTF-8"?>
<testsuite name="com.bridgelabz.indiancensusAnalyser.CensusAnalyserTest" tests="1" skipped="0" failures="0" errors="0" timestamp="2020-06-30T04:29:20" hostname="KAJAL-LAPTOP" time="0.006">
  <properties/>
  <testcase name="givenIndiaStateData_WithWrongFileState_ShouldThrowException" classname="com.bridgelabz.indiancensusAnalyser.CensusAnalyserTest" time="0.006"/>
  <system-out><![CDATA[Wrong Extension
]]></system-out>
  <system-err><![CDATA[]]></system-err>
</testsuite>
