<?xml version="1.0" encoding="UTF-8"?>
<testsuite name="com.bridgelabz.indiancensusAnalyser.CensusAnalyserTest" tests="19" skipped="0" failures="0" errors="0" timestamp="2020-07-06T03:03:19" hostname="KAJAL-LAPTOP" time="0.987">
  <properties/>
  <testcase name="givenIndianStateCsvFile_WhenImproperDelimiter_ShouldThrowException" classname="com.bridgelabz.indiancensusAnalyser.CensusAnalyserTest" time="0.075"/>
  <testcase name="givenUSCensusData_WhenSortedOnHousingUnitWise_ShouldReturnSortedResult" classname="com.bridgelabz.indiancensusAnalyser.CensusAnalyserTest" time="0.392"/>
  <testcase name="givenIndiaStateData_WithWrongFilePath_ShouldThrowException" classname="com.bridgelabz.indiancensusAnalyser.CensusAnalyserTest" time="0.003"/>
  <testcase name="giveIndianCensusData_WhenSortOnArea_ShouldReturnSortedResult" classname="com.bridgelabz.indiancensusAnalyser.CensusAnalyserTest" time="0.072"/>
  <testcase name="givenUsCensusCSVFile_ReturnsCorrectRecords" classname="com.bridgelabz.indiancensusAnalyser.CensusAnalyserTest" time="0.063"/>
  <testcase name="giveIndianCensusDatatry_WhenSortOnState_ShouldReturnSortedResult" classname="com.bridgelabz.indiancensusAnalyser.CensusAnalyserTest" time="0.034"/>
  <testcase name="givenIndianCensusCSVFileReturnsCorrectRecords" classname="com.bridgelabz.indiancensusAnalyser.CensusAnalyserTest" time="0.018"/>
  <testcase name="giveUsCensusData_WhenSortOnArea_ShouldReturnSortedResult" classname="com.bridgelabz.indiancensusAnalyser.CensusAnalyserTest" time="0.06"/>
  <testcase name="givenIndiaStateData_WithWrongFileState_ShouldThrowException" classname="com.bridgelabz.indiancensusAnalyser.CensusAnalyserTest" time="0.001"/>
  <testcase name="givenIndianCensusCsvFile_WhenImproperHeader_ShouldThrowException" classname="com.bridgelabz.indiancensusAnalyser.CensusAnalyserTest" time="0.021"/>
  <testcase name="givenIndiaCensusData_WithWrongFileState_ShouldThrowException" classname="com.bridgelabz.indiancensusAnalyser.CensusAnalyserTest" time="0.003"/>
  <testcase name="giveIndiaStateCode_WhenSortOnStateCode_ShouldReturnSortedResult" classname="com.bridgelabz.indiancensusAnalyser.CensusAnalyserTest" time="0.047"/>
  <testcase name="givenIndianCensusCsvFile_WhenImproperDelimiter_ShouldThrowException" classname="com.bridgelabz.indiancensusAnalyser.CensusAnalyserTest" time="0.009"/>
  <testcase name="givenIndiaCensusData_WithWrongFilePath_ShouldThrowException" classname="com.bridgelabz.indiancensusAnalyser.CensusAnalyserTest" time="0.0"/>
  <testcase name="givenIndianStateCsvFile_WhenImproperHeader_ShouldThrowException" classname="com.bridgelabz.indiancensusAnalyser.CensusAnalyserTest" time="0.011"/>
  <testcase name="givenIndiaStateCodeCSVFileReturnsCorrectRecords" classname="com.bridgelabz.indiancensusAnalyser.CensusAnalyserTest" time="0.037"/>
  <testcase name="giveIndianCensusData_WhenSortOnPopulation_ShouldReturnSortedResult" classname="com.bridgelabz.indiancensusAnalyser.CensusAnalyserTest" time="0.027"/>
  <testcase name="givenUSCensusCSVFile_Return_MaximumPopulationState" classname="com.bridgelabz.indiancensusAnalyser.CensusAnalyserTest" time="0.075"/>
  <testcase name="giveIndianCensusData_WhenSortOnDensity_ShouldReturnSortedResult" classname="com.bridgelabz.indiancensusAnalyser.CensusAnalyserTest" time="0.024"/>
  <system-out><![CDATA[[com.bridgelabz.indiancensusanalyser.model.CensusDAO@3891f0f7, com.bridgelabz.indiancensusanalyser.model.CensusDAO@7d1a80a5, com.bridgelabz.indiancensusanalyser.model.CensusDAO@5f356b31, com.bridgelabz.indiancensusanalyser.model.CensusDAO@1ac5b15e, com.bridgelabz.indiancensusanalyser.model.CensusDAO@2d64fcb9, com.bridgelabz.indiancensusanalyser.model.CensusDAO@4d24e18, com.bridgelabz.indiancensusanalyser.model.CensusDAO@70cad150, com.bridgelabz.indiancensusanalyser.model.CensusDAO@4732c156, com.bridgelabz.indiancensusanalyser.model.CensusDAO@4db97c3d, com.bridgelabz.indiancensusanalyser.model.CensusDAO@5b0d591c, com.bridgelabz.indiancensusanalyser.model.CensusDAO@7deb437c, com.bridgelabz.indiancensusanalyser.model.CensusDAO@2c0215e6, com.bridgelabz.indiancensusanalyser.model.CensusDAO@2adcdccf, com.bridgelabz.indiancensusanalyser.model.CensusDAO@1b28b531, com.bridgelabz.indiancensusanalyser.model.CensusDAO@3c7ff58b, com.bridgelabz.indiancensusanalyser.model.CensusDAO@ee7ac7, com.bridgelabz.indiancensusanalyser.model.CensusDAO@4c98e4b1, com.bridgelabz.indiancensusanalyser.model.CensusDAO@12c7512e, com.bridgelabz.indiancensusanalyser.model.CensusDAO@51d73d50, com.bridgelabz.indiancensusanalyser.model.CensusDAO@229c4def, com.bridgelabz.indiancensusanalyser.model.CensusDAO@29aa9861, com.bridgelabz.indiancensusanalyser.model.CensusDAO@14ce25b, com.bridgelabz.indiancensusanalyser.model.CensusDAO@6999629f, com.bridgelabz.indiancensusanalyser.model.CensusDAO@29aab976, com.bridgelabz.indiancensusanalyser.model.CensusDAO@543e45b2, com.bridgelabz.indiancensusanalyser.model.CensusDAO@32063b54, com.bridgelabz.indiancensusanalyser.model.CensusDAO@10a93a11, com.bridgelabz.indiancensusanalyser.model.CensusDAO@6cb4407b, com.bridgelabz.indiancensusanalyser.model.CensusDAO@4a819b8a, com.bridgelabz.indiancensusanalyser.model.CensusDAO@49dec515, com.bridgelabz.indiancensusanalyser.model.CensusDAO@107e078d, com.bridgelabz.indiancensusanalyser.model.CensusDAO@5e873a61, com.bridgelabz.indiancensusanalyser.model.CensusDAO@181cb7f0, com.bridgelabz.indiancensusanalyser.model.CensusDAO@27552f8b, com.bridgelabz.indiancensusanalyser.model.CensusDAO@47771683, com.bridgelabz.indiancensusanalyser.model.CensusDAO@20c4683e, com.bridgelabz.indiancensusanalyser.model.CensusDAO@5d9af8e1, com.bridgelabz.indiancensusanalyser.model.CensusDAO@53bdbdae, com.bridgelabz.indiancensusanalyser.model.CensusDAO@2c016a54, com.bridgelabz.indiancensusanalyser.model.CensusDAO@2f876272, com.bridgelabz.indiancensusanalyser.model.CensusDAO@25d0da93, com.bridgelabz.indiancensusanalyser.model.CensusDAO@1bbe534a, com.bridgelabz.indiancensusanalyser.model.CensusDAO@3c4ad9a3, com.bridgelabz.indiancensusanalyser.model.CensusDAO@284ab8aa, com.bridgelabz.indiancensusanalyser.model.CensusDAO@b6deb72]
.\src\main\resources\IndiaStateCensusData.csv
[com.bridgelabz.indiancensusanalyser.model.CensusDAO@1dbc267, com.bridgelabz.indiancensusanalyser.model.CensusDAO@2c0cca01, com.bridgelabz.indiancensusanalyser.model.CensusDAO@78bf8fc9, com.bridgelabz.indiancensusanalyser.model.CensusDAO@23ff5889, com.bridgelabz.indiancensusanalyser.model.CensusDAO@7c687e6b, com.bridgelabz.indiancensusanalyser.model.CensusDAO@367eff25, com.bridgelabz.indiancensusanalyser.model.CensusDAO@323befe4, com.bridgelabz.indiancensusanalyser.model.CensusDAO@6b59c23a, com.bridgelabz.indiancensusanalyser.model.CensusDAO@547d721c, com.bridgelabz.indiancensusanalyser.model.CensusDAO@15bb3861, com.bridgelabz.indiancensusanalyser.model.CensusDAO@7812a1fd, com.bridgelabz.indiancensusanalyser.model.CensusDAO@5dfff4d7, com.bridgelabz.indiancensusanalyser.model.CensusDAO@622d90e6, com.bridgelabz.indiancensusanalyser.model.CensusDAO@2e19c4f2, com.bridgelabz.indiancensusanalyser.model.CensusDAO@43e98585, com.bridgelabz.indiancensusanalyser.model.CensusDAO@61929863, com.bridgelabz.indiancensusanalyser.model.CensusDAO@6fb69e17, com.bridgelabz.indiancensusanalyser.model.CensusDAO@fe8e947, com.bridgelabz.indiancensusanalyser.model.CensusDAO@229092, com.bridgelabz.indiancensusanalyser.model.CensusDAO@75865175, com.bridgelabz.indiancensusanalyser.model.CensusDAO@2e9b3ff4, com.bridgelabz.indiancensusanalyser.model.CensusDAO@66f149b1, com.bridgelabz.indiancensusanalyser.model.CensusDAO@72c3f3fd, com.bridgelabz.indiancensusanalyser.model.CensusDAO@35890929, com.bridgelabz.indiancensusanalyser.model.CensusDAO@421af4f3, com.bridgelabz.indiancensusanalyser.model.CensusDAO@2eca91c0, com.bridgelabz.indiancensusanalyser.model.CensusDAO@43fbc3ff, com.bridgelabz.indiancensusanalyser.model.CensusDAO@3e465ae8, com.bridgelabz.indiancensusanalyser.model.CensusDAO@2bee9cbf]
[com.bridgelabz.indiancensusanalyser.model.CensusDAO@40b40b1a, com.bridgelabz.indiancensusanalyser.model.CensusDAO@1f607cd7, com.bridgelabz.indiancensusanalyser.model.CensusDAO@4c070f6c, com.bridgelabz.indiancensusanalyser.model.CensusDAO@4ce595f0, com.bridgelabz.indiancensusanalyser.model.CensusDAO@2c69bbad, com.bridgelabz.indiancensusanalyser.model.CensusDAO@30f3ec33, com.bridgelabz.indiancensusanalyser.model.CensusDAO@447be92e, com.bridgelabz.indiancensusanalyser.model.CensusDAO@24d1be44, com.bridgelabz.indiancensusanalyser.model.CensusDAO@4584cda0, com.bridgelabz.indiancensusanalyser.model.CensusDAO@6a392357, com.bridgelabz.indiancensusanalyser.model.CensusDAO@719085a7, com.bridgelabz.indiancensusanalyser.model.CensusDAO@589a264f, com.bridgelabz.indiancensusanalyser.model.CensusDAO@3b101931, com.bridgelabz.indiancensusanalyser.model.CensusDAO@1890b69f, com.bridgelabz.indiancensusanalyser.model.CensusDAO@6d58b597, com.bridgelabz.indiancensusanalyser.model.CensusDAO@64f94e2d, com.bridgelabz.indiancensusanalyser.model.CensusDAO@5f1b0a12, com.bridgelabz.indiancensusanalyser.model.CensusDAO@42a26b20, com.bridgelabz.indiancensusanalyser.model.CensusDAO@6afe8aee, com.bridgelabz.indiancensusanalyser.model.CensusDAO@44d829ba, com.bridgelabz.indiancensusanalyser.model.CensusDAO@4314e0a9, com.bridgelabz.indiancensusanalyser.model.CensusDAO@123e7880, com.bridgelabz.indiancensusanalyser.model.CensusDAO@c0939d3, com.bridgelabz.indiancensusanalyser.model.CensusDAO@9995411, com.bridgelabz.indiancensusanalyser.model.CensusDAO@6d6cec23, com.bridgelabz.indiancensusanalyser.model.CensusDAO@cf77376, com.bridgelabz.indiancensusanalyser.model.CensusDAO@4975049a, com.bridgelabz.indiancensusanalyser.model.CensusDAO@a8ff879, com.bridgelabz.indiancensusanalyser.model.CensusDAO@800ff]
[com.bridgelabz.indiancensusanalyser.model.CensusDAO@56632cef, com.bridgelabz.indiancensusanalyser.model.CensusDAO@235a4a6a, com.bridgelabz.indiancensusanalyser.model.CensusDAO@6395a906, com.bridgelabz.indiancensusanalyser.model.CensusDAO@4916ebd8, com.bridgelabz.indiancensusanalyser.model.CensusDAO@6ddb241, com.bridgelabz.indiancensusanalyser.model.CensusDAO@77a5b1ea, com.bridgelabz.indiancensusanalyser.model.CensusDAO@39b6eb81, com.bridgelabz.indiancensusanalyser.model.CensusDAO@47008f44, com.bridgelabz.indiancensusanalyser.model.CensusDAO@2c24625f, com.bridgelabz.indiancensusanalyser.model.CensusDAO@76d4bcd0, com.bridgelabz.indiancensusanalyser.model.CensusDAO@78b0bb68, com.bridgelabz.indiancensusanalyser.model.CensusDAO@3b097195, com.bridgelabz.indiancensusanalyser.model.CensusDAO@34b0da31, com.bridgelabz.indiancensusanalyser.model.CensusDAO@6751c24b, com.bridgelabz.indiancensusanalyser.model.CensusDAO@1a475e32, com.bridgelabz.indiancensusanalyser.model.CensusDAO@6ab20136, com.bridgelabz.indiancensusanalyser.model.CensusDAO@58e13f03, com.bridgelabz.indiancensusanalyser.model.CensusDAO@314bedce, com.bridgelabz.indiancensusanalyser.model.CensusDAO@11dd831b, com.bridgelabz.indiancensusanalyser.model.CensusDAO@6b9c9ba7, com.bridgelabz.indiancensusanalyser.model.CensusDAO@3ad4a8f0, com.bridgelabz.indiancensusanalyser.model.CensusDAO@541f17f9, com.bridgelabz.indiancensusanalyser.model.CensusDAO@29a7933a, com.bridgelabz.indiancensusanalyser.model.CensusDAO@2669640a, com.bridgelabz.indiancensusanalyser.model.CensusDAO@3965db1f, com.bridgelabz.indiancensusanalyser.model.CensusDAO@15e9b315, com.bridgelabz.indiancensusanalyser.model.CensusDAO@42dcd1, com.bridgelabz.indiancensusanalyser.model.CensusDAO@6d66a1e7, com.bridgelabz.indiancensusanalyser.model.CensusDAO@7a4c3277, com.bridgelabz.indiancensusanalyser.model.CensusDAO@22e54730, com.bridgelabz.indiancensusanalyser.model.CensusDAO@3457b3e9, com.bridgelabz.indiancensusanalyser.model.CensusDAO@6c66451d, com.bridgelabz.indiancensusanalyser.model.CensusDAO@77221d6c, com.bridgelabz.indiancensusanalyser.model.CensusDAO@7ff6187f, com.bridgelabz.indiancensusanalyser.model.CensusDAO@76b73493, com.bridgelabz.indiancensusanalyser.model.CensusDAO@28a7d9f5, com.bridgelabz.indiancensusanalyser.model.CensusDAO@4f8968f0, com.bridgelabz.indiancensusanalyser.model.CensusDAO@f3a49e, com.bridgelabz.indiancensusanalyser.model.CensusDAO@4f2f0bbf, com.bridgelabz.indiancensusanalyser.model.CensusDAO@59511bde, com.bridgelabz.indiancensusanalyser.model.CensusDAO@5d1b36ec, com.bridgelabz.indiancensusanalyser.model.CensusDAO@40d1ae85, com.bridgelabz.indiancensusanalyser.model.CensusDAO@779437d3, com.bridgelabz.indiancensusanalyser.model.CensusDAO@26ca4d14, com.bridgelabz.indiancensusanalyser.model.CensusDAO@2262b377]
.\src\test\resources\IndiaStateCode.sh
.\src\test\resources\IndiaStateCensusData.sh
[com.bridgelabz.indiancensusanalyser.model.CensusDAO@83452bf, com.bridgelabz.indiancensusanalyser.model.CensusDAO@3f814625, com.bridgelabz.indiancensusanalyser.model.CensusDAO@548bf828, com.bridgelabz.indiancensusanalyser.model.CensusDAO@1295ec70, com.bridgelabz.indiancensusanalyser.model.CensusDAO@381ee537, com.bridgelabz.indiancensusanalyser.model.CensusDAO@d9b3c7f, com.bridgelabz.indiancensusanalyser.model.CensusDAO@65acf5c, com.bridgelabz.indiancensusanalyser.model.CensusDAO@3b11458b, com.bridgelabz.indiancensusanalyser.model.CensusDAO@74e92883, com.bridgelabz.indiancensusanalyser.model.CensusDAO@20458aa5, com.bridgelabz.indiancensusanalyser.model.CensusDAO@703581de, com.bridgelabz.indiancensusanalyser.model.CensusDAO@41b9af4e, com.bridgelabz.indiancensusanalyser.model.CensusDAO@7ca92aca, com.bridgelabz.indiancensusanalyser.model.CensusDAO@70b59758, com.bridgelabz.indiancensusanalyser.model.CensusDAO@2c52d3e1, com.bridgelabz.indiancensusanalyser.model.CensusDAO@209ddafa, com.bridgelabz.indiancensusanalyser.model.CensusDAO@15574b59, com.bridgelabz.indiancensusanalyser.model.CensusDAO@498401fc, com.bridgelabz.indiancensusanalyser.model.CensusDAO@73731ef6, com.bridgelabz.indiancensusanalyser.model.CensusDAO@3d775068, com.bridgelabz.indiancensusanalyser.model.CensusDAO@1255d91c, com.bridgelabz.indiancensusanalyser.model.CensusDAO@7bb7b14b, com.bridgelabz.indiancensusanalyser.model.CensusDAO@10d89465, com.bridgelabz.indiancensusanalyser.model.CensusDAO@17ab6206, com.bridgelabz.indiancensusanalyser.model.CensusDAO@2b8ac4d6, com.bridgelabz.indiancensusanalyser.model.CensusDAO@6d710505, com.bridgelabz.indiancensusanalyser.model.CensusDAO@395ecf72, com.bridgelabz.indiancensusanalyser.model.CensusDAO@75a9210d, com.bridgelabz.indiancensusanalyser.model.CensusDAO@8f8f71a, com.bridgelabz.indiancensusanalyser.model.CensusDAO@6d44922d, com.bridgelabz.indiancensusanalyser.model.CensusDAO@22aee5a8, com.bridgelabz.indiancensusanalyser.model.CensusDAO@1e3319b9, com.bridgelabz.indiancensusanalyser.model.CensusDAO@513c6d42, com.bridgelabz.indiancensusanalyser.model.CensusDAO@18a058b2, com.bridgelabz.indiancensusanalyser.model.CensusDAO@4df66dab, com.bridgelabz.indiancensusanalyser.model.CensusDAO@4b0e4b7d, com.bridgelabz.indiancensusanalyser.model.CensusDAO@796a6923]
.\src\main\resources\IndiaStateCensusData.csv
[com.bridgelabz.indiancensusanalyser.model.CensusDAO@29109370, com.bridgelabz.indiancensusanalyser.model.CensusDAO@540b6138, com.bridgelabz.indiancensusanalyser.model.CensusDAO@62d32fcf, com.bridgelabz.indiancensusanalyser.model.CensusDAO@4bd9282b, com.bridgelabz.indiancensusanalyser.model.CensusDAO@66ffb933, com.bridgelabz.indiancensusanalyser.model.CensusDAO@69f20675, com.bridgelabz.indiancensusanalyser.model.CensusDAO@1224e1d3, com.bridgelabz.indiancensusanalyser.model.CensusDAO@103e1bcc, com.bridgelabz.indiancensusanalyser.model.CensusDAO@b130ed9, com.bridgelabz.indiancensusanalyser.model.CensusDAO@72ab6060, com.bridgelabz.indiancensusanalyser.model.CensusDAO@47343d9f, com.bridgelabz.indiancensusanalyser.model.CensusDAO@2734bece, com.bridgelabz.indiancensusanalyser.model.CensusDAO@34c21937, com.bridgelabz.indiancensusanalyser.model.CensusDAO@1d43c7af, com.bridgelabz.indiancensusanalyser.model.CensusDAO@7bfdc95d, com.bridgelabz.indiancensusanalyser.model.CensusDAO@79bdda22, com.bridgelabz.indiancensusanalyser.model.CensusDAO@5d127f83, com.bridgelabz.indiancensusanalyser.model.CensusDAO@5eefa531, com.bridgelabz.indiancensusanalyser.model.CensusDAO@4b4d3890, com.bridgelabz.indiancensusanalyser.model.CensusDAO@5cb69711, com.bridgelabz.indiancensusanalyser.model.CensusDAO@12160563, com.bridgelabz.indiancensusanalyser.model.CensusDAO@31f3fc3d, com.bridgelabz.indiancensusanalyser.model.CensusDAO@1358db2b, com.bridgelabz.indiancensusanalyser.model.CensusDAO@7b3ed84e, com.bridgelabz.indiancensusanalyser.model.CensusDAO@5921e757, com.bridgelabz.indiancensusanalyser.model.CensusDAO@771dfa5a, com.bridgelabz.indiancensusanalyser.model.CensusDAO@22c9e611, com.bridgelabz.indiancensusanalyser.model.CensusDAO@2f38a6ae, com.bridgelabz.indiancensusanalyser.model.CensusDAO@79f5f741]
[com.bridgelabz.indiancensusanalyser.model.CensusDAO@c368654, com.bridgelabz.indiancensusanalyser.model.CensusDAO@66514caa, com.bridgelabz.indiancensusanalyser.model.CensusDAO@30c8e0de, com.bridgelabz.indiancensusanalyser.model.CensusDAO@417349ad, com.bridgelabz.indiancensusanalyser.model.CensusDAO@794f63f1, com.bridgelabz.indiancensusanalyser.model.CensusDAO@1517446e, com.bridgelabz.indiancensusanalyser.model.CensusDAO@62ae9802, com.bridgelabz.indiancensusanalyser.model.CensusDAO@394b8bdb, com.bridgelabz.indiancensusanalyser.model.CensusDAO@3b1927e8, com.bridgelabz.indiancensusanalyser.model.CensusDAO@148230d1, com.bridgelabz.indiancensusanalyser.model.CensusDAO@2fad4cb, com.bridgelabz.indiancensusanalyser.model.CensusDAO@670a921c, com.bridgelabz.indiancensusanalyser.model.CensusDAO@155ecf72, com.bridgelabz.indiancensusanalyser.model.CensusDAO@105f61b0, com.bridgelabz.indiancensusanalyser.model.CensusDAO@44d7a3fc, com.bridgelabz.indiancensusanalyser.model.CensusDAO@77fe4308, com.bridgelabz.indiancensusanalyser.model.CensusDAO@14b827da, com.bridgelabz.indiancensusanalyser.model.CensusDAO@7f81861c, com.bridgelabz.indiancensusanalyser.model.CensusDAO@6b01253, com.bridgelabz.indiancensusanalyser.model.CensusDAO@353f78e, com.bridgelabz.indiancensusanalyser.model.CensusDAO@568086c9, com.bridgelabz.indiancensusanalyser.model.CensusDAO@25c25b63, com.bridgelabz.indiancensusanalyser.model.CensusDAO@2366e702, com.bridgelabz.indiancensusanalyser.model.CensusDAO@3f158b67, com.bridgelabz.indiancensusanalyser.model.CensusDAO@6df1e482, com.bridgelabz.indiancensusanalyser.model.CensusDAO@5a5fa31c, com.bridgelabz.indiancensusanalyser.model.CensusDAO@4e1501a2, com.bridgelabz.indiancensusanalyser.model.CensusDAO@5d48f5b4, com.bridgelabz.indiancensusanalyser.model.CensusDAO@3fffdf6b, com.bridgelabz.indiancensusanalyser.model.CensusDAO@181fdccb, com.bridgelabz.indiancensusanalyser.model.CensusDAO@7ee1c67b, com.bridgelabz.indiancensusanalyser.model.CensusDAO@641e7946, com.bridgelabz.indiancensusanalyser.model.CensusDAO@25dbf629, com.bridgelabz.indiancensusanalyser.model.CensusDAO@43449fdd, com.bridgelabz.indiancensusanalyser.model.CensusDAO@33e64bd0, com.bridgelabz.indiancensusanalyser.model.CensusDAO@24a5c0a3, com.bridgelabz.indiancensusanalyser.model.CensusDAO@5eb510a0, com.bridgelabz.indiancensusanalyser.model.CensusDAO@39e8d6dc, com.bridgelabz.indiancensusanalyser.model.CensusDAO@38d1b2fa, com.bridgelabz.indiancensusanalyser.model.CensusDAO@327bcd9b, com.bridgelabz.indiancensusanalyser.model.CensusDAO@44bdeb64, com.bridgelabz.indiancensusanalyser.model.CensusDAO@3b1c9b19, com.bridgelabz.indiancensusanalyser.model.CensusDAO@eefb8e2, com.bridgelabz.indiancensusanalyser.model.CensusDAO@6214abb1, com.bridgelabz.indiancensusanalyser.model.CensusDAO@49d98a5c]
[com.bridgelabz.indiancensusanalyser.model.CensusDAO@651986bf, com.bridgelabz.indiancensusanalyser.model.CensusDAO@2297e08e, com.bridgelabz.indiancensusanalyser.model.CensusDAO@279915ea, com.bridgelabz.indiancensusanalyser.model.CensusDAO@217c0e48, com.bridgelabz.indiancensusanalyser.model.CensusDAO@8f948a6, com.bridgelabz.indiancensusanalyser.model.CensusDAO@15774aa7, com.bridgelabz.indiancensusanalyser.model.CensusDAO@7aae3ba6, com.bridgelabz.indiancensusanalyser.model.CensusDAO@3be164f5, com.bridgelabz.indiancensusanalyser.model.CensusDAO@799fb757, com.bridgelabz.indiancensusanalyser.model.CensusDAO@5612e8b1, com.bridgelabz.indiancensusanalyser.model.CensusDAO@5dea8ade, com.bridgelabz.indiancensusanalyser.model.CensusDAO@6d9c8b5a, com.bridgelabz.indiancensusanalyser.model.CensusDAO@693dbcb1, com.bridgelabz.indiancensusanalyser.model.CensusDAO@282b8647, com.bridgelabz.indiancensusanalyser.model.CensusDAO@219e45e6, com.bridgelabz.indiancensusanalyser.model.CensusDAO@2851dcd4, com.bridgelabz.indiancensusanalyser.model.CensusDAO@2c0d355b, com.bridgelabz.indiancensusanalyser.model.CensusDAO@58608723, com.bridgelabz.indiancensusanalyser.model.CensusDAO@b0258bc, com.bridgelabz.indiancensusanalyser.model.CensusDAO@2d139274, com.bridgelabz.indiancensusanalyser.model.CensusDAO@6871cd60, com.bridgelabz.indiancensusanalyser.model.CensusDAO@34f406d2, com.bridgelabz.indiancensusanalyser.model.CensusDAO@2d2a6f48, com.bridgelabz.indiancensusanalyser.model.CensusDAO@1c9bc8ab, com.bridgelabz.indiancensusanalyser.model.CensusDAO@7a670c95, com.bridgelabz.indiancensusanalyser.model.CensusDAO@6eb1579d, com.bridgelabz.indiancensusanalyser.model.CensusDAO@101f252c, com.bridgelabz.indiancensusanalyser.model.CensusDAO@52837914, com.bridgelabz.indiancensusanalyser.model.CensusDAO@10c2c475]
]]></system-out>
  <system-err><![CDATA[java.lang.RuntimeException: Error capturing CSV header!
	at com.opencsv.bean.CsvToBean.prepareToReadInput(CsvToBean.java:468)
	at com.opencsv.bean.CsvToBean.iterator(CsvToBean.java:487)
	at com.opencsv.OpenCSVBuilder.getCSVFileIterator(OpenCSVBuilder.java:14)
	at com.bridgelabz.indiancensusanalyser.services.CensusLoader.loadCensusData(CensusLoader.java:26)
	at com.bridgelabz.indiancensusanalyser.services.CensusAnalyser.loadCensusData(CensusAnalyser.java:31)
	at com.bridgelabz.indiancensusAnalyser.CensusAnalyserTest.givenIndianStateCsvFile_WhenImproperDelimiter_ShouldThrowException(CensusAnalyserTest.java:121)
	at java.base/jdk.internal.reflect.NativeMethodAccessorImpl.invoke0(Native Method)
	at java.base/jdk.internal.reflect.NativeMethodAccessorImpl.invoke(NativeMethodAccessorImpl.java:62)
	at java.base/jdk.internal.reflect.DelegatingMethodAccessorImpl.invoke(DelegatingMethodAccessorImpl.java:43)
	at java.base/java.lang.reflect.Method.invoke(Method.java:567)
	at org.junit.runners.model.FrameworkMethod$1.runReflectiveCall(FrameworkMethod.java:50)
	at org.junit.internal.runners.model.ReflectiveCallable.run(ReflectiveCallable.java:12)
	at org.junit.runners.model.FrameworkMethod.invokeExplosively(FrameworkMethod.java:47)
	at org.junit.internal.runners.statements.InvokeMethod.evaluate(InvokeMethod.java:17)
	at org.junit.runners.ParentRunner.runLeaf(ParentRunner.java:325)
	at org.junit.runners.BlockJUnit4ClassRunner.runChild(BlockJUnit4ClassRunner.java:78)
	at org.junit.runners.BlockJUnit4ClassRunner.runChild(BlockJUnit4ClassRunner.java:57)
	at org.junit.runners.ParentRunner$3.run(ParentRunner.java:290)
	at org.junit.runners.ParentRunner$1.schedule(ParentRunner.java:71)
	at org.junit.runners.ParentRunner.runChildren(ParentRunner.java:288)
	at org.junit.runners.ParentRunner.access$000(ParentRunner.java:58)
	at org.junit.runners.ParentRunner$2.evaluate(ParentRunner.java:268)
	at org.junit.runners.ParentRunner.run(ParentRunner.java:363)
	at org.gradle.api.internal.tasks.testing.junit.JUnitTestClassExecutor.runTestClass(JUnitTestClassExecutor.java:110)
	at org.gradle.api.internal.tasks.testing.junit.JUnitTestClassExecutor.execute(JUnitTestClassExecutor.java:58)
	at org.gradle.api.internal.tasks.testing.junit.JUnitTestClassExecutor.execute(JUnitTestClassExecutor.java:38)
	at org.gradle.api.internal.tasks.testing.junit.AbstractJUnitTestClassProcessor.processTestClass(AbstractJUnitTestClassProcessor.java:62)
	at org.gradle.api.internal.tasks.testing.SuiteTestClassProcessor.processTestClass(SuiteTestClassProcessor.java:51)
	at java.base/jdk.internal.reflect.NativeMethodAccessorImpl.invoke0(Native Method)
	at java.base/jdk.internal.reflect.NativeMethodAccessorImpl.invoke(NativeMethodAccessorImpl.java:62)
	at java.base/jdk.internal.reflect.DelegatingMethodAccessorImpl.invoke(DelegatingMethodAccessorImpl.java:43)
	at java.base/java.lang.reflect.Method.invoke(Method.java:567)
	at org.gradle.internal.dispatch.ReflectionDispatch.dispatch(ReflectionDispatch.java:36)
	at org.gradle.internal.dispatch.ReflectionDispatch.dispatch(ReflectionDispatch.java:24)
	at org.gradle.internal.dispatch.ContextClassLoaderDispatch.dispatch(ContextClassLoaderDispatch.java:33)
	at org.gradle.internal.dispatch.ProxyDispatchAdapter$DispatchingInvocationHandler.invoke(ProxyDispatchAdapter.java:94)
	at com.sun.proxy.$Proxy2.processTestClass(Unknown Source)
	at org.gradle.api.internal.tasks.testing.worker.TestWorker.processTestClass(TestWorker.java:118)
	at java.base/jdk.internal.reflect.NativeMethodAccessorImpl.invoke0(Native Method)
	at java.base/jdk.internal.reflect.NativeMethodAccessorImpl.invoke(NativeMethodAccessorImpl.java:62)
	at java.base/jdk.internal.reflect.DelegatingMethodAccessorImpl.invoke(DelegatingMethodAccessorImpl.java:43)
	at java.base/java.lang.reflect.Method.invoke(Method.java:567)
	at org.gradle.internal.dispatch.ReflectionDispatch.dispatch(ReflectionDispatch.java:36)
	at org.gradle.internal.dispatch.ReflectionDispatch.dispatch(ReflectionDispatch.java:24)
	at org.gradle.internal.remote.internal.hub.MessageHubBackedObjectConnection$DispatchWrapper.dispatch(MessageHubBackedObjectConnection.java:182)
	at org.gradle.internal.remote.internal.hub.MessageHubBackedObjectConnection$DispatchWrapper.dispatch(MessageHubBackedObjectConnection.java:164)
	at org.gradle.internal.remote.internal.hub.MessageHub$Handler.run(MessageHub.java:412)
	at org.gradle.internal.concurrent.ExecutorPolicy$CatchAndRecordFailures.onExecute(ExecutorPolicy.java:64)
	at org.gradle.internal.concurrent.ManagedExecutorImpl$1.run(ManagedExecutorImpl.java:48)
	at java.base/java.util.concurrent.ThreadPoolExecutor.runWorker(ThreadPoolExecutor.java:1128)
	at java.base/java.util.concurrent.ThreadPoolExecutor$Worker.run(ThreadPoolExecutor.java:628)
	at org.gradle.internal.concurrent.ThreadFactoryImpl$ManagedThreadRunnable.run(ThreadFactoryImpl.java:56)
	at java.base/java.lang.Thread.run(Thread.java:830)
Caused by: com.opencsv.exceptions.CsvRequiredFieldEmptyException: Header is missing required fields [STATECODE,SRNO,TIN,STATE NAME]
	at com.opencsv.bean.HeaderColumnNameMappingStrategy.captureHeader(HeaderColumnNameMappingStrategy.java:126)
	at com.opencsv.bean.CsvToBean.prepareToReadInput(CsvToBean.java:466)
	... 52 more
java.lang.RuntimeException: Error capturing CSV header!
	at com.opencsv.bean.CsvToBean.prepareToReadInput(CsvToBean.java:468)
	at com.opencsv.bean.CsvToBean.iterator(CsvToBean.java:487)
	at com.opencsv.OpenCSVBuilder.getCSVFileIterator(OpenCSVBuilder.java:14)
	at com.bridgelabz.indiancensusanalyser.services.CensusLoader.loadCensusData(CensusLoader.java:26)
	at com.bridgelabz.indiancensusanalyser.services.CensusAnalyser.loadCensusData(CensusAnalyser.java:29)
	at com.bridgelabz.indiancensusAnalyser.CensusAnalyserTest.givenIndianCensusCsvFile_WhenImproperHeader_ShouldThrowException(CensusAnalyserTest.java:76)
	at java.base/jdk.internal.reflect.NativeMethodAccessorImpl.invoke0(Native Method)
	at java.base/jdk.internal.reflect.NativeMethodAccessorImpl.invoke(NativeMethodAccessorImpl.java:62)
	at java.base/jdk.internal.reflect.DelegatingMethodAccessorImpl.invoke(DelegatingMethodAccessorImpl.java:43)
	at java.base/java.lang.reflect.Method.invoke(Method.java:567)
	at org.junit.runners.model.FrameworkMethod$1.runReflectiveCall(FrameworkMethod.java:50)
	at org.junit.internal.runners.model.ReflectiveCallable.run(ReflectiveCallable.java:12)
	at org.junit.runners.model.FrameworkMethod.invokeExplosively(FrameworkMethod.java:47)
	at org.junit.internal.runners.statements.InvokeMethod.evaluate(InvokeMethod.java:17)
	at org.junit.runners.ParentRunner.runLeaf(ParentRunner.java:325)
	at org.junit.runners.BlockJUnit4ClassRunner.runChild(BlockJUnit4ClassRunner.java:78)
	at org.junit.runners.BlockJUnit4ClassRunner.runChild(BlockJUnit4ClassRunner.java:57)
	at org.junit.runners.ParentRunner$3.run(ParentRunner.java:290)
	at org.junit.runners.ParentRunner$1.schedule(ParentRunner.java:71)
	at org.junit.runners.ParentRunner.runChildren(ParentRunner.java:288)
	at org.junit.runners.ParentRunner.access$000(ParentRunner.java:58)
	at org.junit.runners.ParentRunner$2.evaluate(ParentRunner.java:268)
	at org.junit.runners.ParentRunner.run(ParentRunner.java:363)
	at org.gradle.api.internal.tasks.testing.junit.JUnitTestClassExecutor.runTestClass(JUnitTestClassExecutor.java:110)
	at org.gradle.api.internal.tasks.testing.junit.JUnitTestClassExecutor.execute(JUnitTestClassExecutor.java:58)
	at org.gradle.api.internal.tasks.testing.junit.JUnitTestClassExecutor.execute(JUnitTestClassExecutor.java:38)
	at org.gradle.api.internal.tasks.testing.junit.AbstractJUnitTestClassProcessor.processTestClass(AbstractJUnitTestClassProcessor.java:62)
	at org.gradle.api.internal.tasks.testing.SuiteTestClassProcessor.processTestClass(SuiteTestClassProcessor.java:51)
	at java.base/jdk.internal.reflect.NativeMethodAccessorImpl.invoke0(Native Method)
	at java.base/jdk.internal.reflect.NativeMethodAccessorImpl.invoke(NativeMethodAccessorImpl.java:62)
	at java.base/jdk.internal.reflect.DelegatingMethodAccessorImpl.invoke(DelegatingMethodAccessorImpl.java:43)
	at java.base/java.lang.reflect.Method.invoke(Method.java:567)
	at org.gradle.internal.dispatch.ReflectionDispatch.dispatch(ReflectionDispatch.java:36)
	at org.gradle.internal.dispatch.ReflectionDispatch.dispatch(ReflectionDispatch.java:24)
	at org.gradle.internal.dispatch.ContextClassLoaderDispatch.dispatch(ContextClassLoaderDispatch.java:33)
	at org.gradle.internal.dispatch.ProxyDispatchAdapter$DispatchingInvocationHandler.invoke(ProxyDispatchAdapter.java:94)
	at com.sun.proxy.$Proxy2.processTestClass(Unknown Source)
	at org.gradle.api.internal.tasks.testing.worker.TestWorker.processTestClass(TestWorker.java:118)
	at java.base/jdk.internal.reflect.NativeMethodAccessorImpl.invoke0(Native Method)
	at java.base/jdk.internal.reflect.NativeMethodAccessorImpl.invoke(NativeMethodAccessorImpl.java:62)
	at java.base/jdk.internal.reflect.DelegatingMethodAccessorImpl.invoke(DelegatingMethodAccessorImpl.java:43)
	at java.base/java.lang.reflect.Method.invoke(Method.java:567)
	at org.gradle.internal.dispatch.ReflectionDispatch.dispatch(ReflectionDispatch.java:36)
	at org.gradle.internal.dispatch.ReflectionDispatch.dispatch(ReflectionDispatch.java:24)
	at org.gradle.internal.remote.internal.hub.MessageHubBackedObjectConnection$DispatchWrapper.dispatch(MessageHubBackedObjectConnection.java:182)
	at org.gradle.internal.remote.internal.hub.MessageHubBackedObjectConnection$DispatchWrapper.dispatch(MessageHubBackedObjectConnection.java:164)
	at org.gradle.internal.remote.internal.hub.MessageHub$Handler.run(MessageHub.java:412)
	at org.gradle.internal.concurrent.ExecutorPolicy$CatchAndRecordFailures.onExecute(ExecutorPolicy.java:64)
	at org.gradle.internal.concurrent.ManagedExecutorImpl$1.run(ManagedExecutorImpl.java:48)
	at java.base/java.util.concurrent.ThreadPoolExecutor.runWorker(ThreadPoolExecutor.java:1128)
	at java.base/java.util.concurrent.ThreadPoolExecutor$Worker.run(ThreadPoolExecutor.java:628)
	at org.gradle.internal.concurrent.ThreadFactoryImpl$ManagedThreadRunnable.run(ThreadFactoryImpl.java:56)
	at java.base/java.lang.Thread.run(Thread.java:830)
Caused by: com.opencsv.exceptions.CsvRequiredFieldEmptyException: Header is missing required fields [POPULATION,STATE,AREAINSQKM,DENSITYPERSQKM]
	at com.opencsv.bean.HeaderColumnNameMappingStrategy.captureHeader(HeaderColumnNameMappingStrategy.java:126)
	at com.opencsv.bean.CsvToBean.prepareToReadInput(CsvToBean.java:466)
	... 52 more
java.lang.RuntimeException: Error capturing CSV header!
	at com.opencsv.bean.CsvToBean.prepareToReadInput(CsvToBean.java:468)
	at com.opencsv.bean.CsvToBean.iterator(CsvToBean.java:487)
	at com.opencsv.OpenCSVBuilder.getCSVFileIterator(OpenCSVBuilder.java:14)
	at com.bridgelabz.indiancensusanalyser.services.CensusLoader.loadCensusData(CensusLoader.java:26)
	at com.bridgelabz.indiancensusanalyser.services.CensusAnalyser.loadCensusData(CensusAnalyser.java:29)
	at com.bridgelabz.indiancensusAnalyser.CensusAnalyserTest.givenIndianCensusCsvFile_WhenImproperDelimiter_ShouldThrowException(CensusAnalyserTest.java:65)
	at java.base/jdk.internal.reflect.NativeMethodAccessorImpl.invoke0(Native Method)
	at java.base/jdk.internal.reflect.NativeMethodAccessorImpl.invoke(NativeMethodAccessorImpl.java:62)
	at java.base/jdk.internal.reflect.DelegatingMethodAccessorImpl.invoke(DelegatingMethodAccessorImpl.java:43)
	at java.base/java.lang.reflect.Method.invoke(Method.java:567)
	at org.junit.runners.model.FrameworkMethod$1.runReflectiveCall(FrameworkMethod.java:50)
	at org.junit.internal.runners.model.ReflectiveCallable.run(ReflectiveCallable.java:12)
	at org.junit.runners.model.FrameworkMethod.invokeExplosively(FrameworkMethod.java:47)
	at org.junit.internal.runners.statements.InvokeMethod.evaluate(InvokeMethod.java:17)
	at org.junit.runners.ParentRunner.runLeaf(ParentRunner.java:325)
	at org.junit.runners.BlockJUnit4ClassRunner.runChild(BlockJUnit4ClassRunner.java:78)
	at org.junit.runners.BlockJUnit4ClassRunner.runChild(BlockJUnit4ClassRunner.java:57)
	at org.junit.runners.ParentRunner$3.run(ParentRunner.java:290)
	at org.junit.runners.ParentRunner$1.schedule(ParentRunner.java:71)
	at org.junit.runners.ParentRunner.runChildren(ParentRunner.java:288)
	at org.junit.runners.ParentRunner.access$000(ParentRunner.java:58)
	at org.junit.runners.ParentRunner$2.evaluate(ParentRunner.java:268)
	at org.junit.runners.ParentRunner.run(ParentRunner.java:363)
	at org.gradle.api.internal.tasks.testing.junit.JUnitTestClassExecutor.runTestClass(JUnitTestClassExecutor.java:110)
	at org.gradle.api.internal.tasks.testing.junit.JUnitTestClassExecutor.execute(JUnitTestClassExecutor.java:58)
	at org.gradle.api.internal.tasks.testing.junit.JUnitTestClassExecutor.execute(JUnitTestClassExecutor.java:38)
	at org.gradle.api.internal.tasks.testing.junit.AbstractJUnitTestClassProcessor.processTestClass(AbstractJUnitTestClassProcessor.java:62)
	at org.gradle.api.internal.tasks.testing.SuiteTestClassProcessor.processTestClass(SuiteTestClassProcessor.java:51)
	at java.base/jdk.internal.reflect.NativeMethodAccessorImpl.invoke0(Native Method)
	at java.base/jdk.internal.reflect.NativeMethodAccessorImpl.invoke(NativeMethodAccessorImpl.java:62)
	at java.base/jdk.internal.reflect.DelegatingMethodAccessorImpl.invoke(DelegatingMethodAccessorImpl.java:43)
	at java.base/java.lang.reflect.Method.invoke(Method.java:567)
	at org.gradle.internal.dispatch.ReflectionDispatch.dispatch(ReflectionDispatch.java:36)
	at org.gradle.internal.dispatch.ReflectionDispatch.dispatch(ReflectionDispatch.java:24)
	at org.gradle.internal.dispatch.ContextClassLoaderDispatch.dispatch(ContextClassLoaderDispatch.java:33)
	at org.gradle.internal.dispatch.ProxyDispatchAdapter$DispatchingInvocationHandler.invoke(ProxyDispatchAdapter.java:94)
	at com.sun.proxy.$Proxy2.processTestClass(Unknown Source)
	at org.gradle.api.internal.tasks.testing.worker.TestWorker.processTestClass(TestWorker.java:118)
	at java.base/jdk.internal.reflect.NativeMethodAccessorImpl.invoke0(Native Method)
	at java.base/jdk.internal.reflect.NativeMethodAccessorImpl.invoke(NativeMethodAccessorImpl.java:62)
	at java.base/jdk.internal.reflect.DelegatingMethodAccessorImpl.invoke(DelegatingMethodAccessorImpl.java:43)
	at java.base/java.lang.reflect.Method.invoke(Method.java:567)
	at org.gradle.internal.dispatch.ReflectionDispatch.dispatch(ReflectionDispatch.java:36)
	at org.gradle.internal.dispatch.ReflectionDispatch.dispatch(ReflectionDispatch.java:24)
	at org.gradle.internal.remote.internal.hub.MessageHubBackedObjectConnection$DispatchWrapper.dispatch(MessageHubBackedObjectConnection.java:182)
	at org.gradle.internal.remote.internal.hub.MessageHubBackedObjectConnection$DispatchWrapper.dispatch(MessageHubBackedObjectConnection.java:164)
	at org.gradle.internal.remote.internal.hub.MessageHub$Handler.run(MessageHub.java:412)
	at org.gradle.internal.concurrent.ExecutorPolicy$CatchAndRecordFailures.onExecute(ExecutorPolicy.java:64)
	at org.gradle.internal.concurrent.ManagedExecutorImpl$1.run(ManagedExecutorImpl.java:48)
	at java.base/java.util.concurrent.ThreadPoolExecutor.runWorker(ThreadPoolExecutor.java:1128)
	at java.base/java.util.concurrent.ThreadPoolExecutor$Worker.run(ThreadPoolExecutor.java:628)
	at org.gradle.internal.concurrent.ThreadFactoryImpl$ManagedThreadRunnable.run(ThreadFactoryImpl.java:56)
	at java.base/java.lang.Thread.run(Thread.java:830)
Caused by: com.opencsv.exceptions.CsvRequiredFieldEmptyException: Header is missing required fields [POPULATION,STATE,AREAINSQKM,DENSITYPERSQKM]
	at com.opencsv.bean.HeaderColumnNameMappingStrategy.captureHeader(HeaderColumnNameMappingStrategy.java:126)
	at com.opencsv.bean.CsvToBean.prepareToReadInput(CsvToBean.java:466)
	... 52 more
java.lang.RuntimeException: Error capturing CSV header!
	at com.opencsv.bean.CsvToBean.prepareToReadInput(CsvToBean.java:468)
	at com.opencsv.bean.CsvToBean.iterator(CsvToBean.java:487)
	at com.opencsv.OpenCSVBuilder.getCSVFileIterator(OpenCSVBuilder.java:14)
	at com.bridgelabz.indiancensusanalyser.services.CensusLoader.loadCensusData(CensusLoader.java:26)
	at com.bridgelabz.indiancensusanalyser.services.CensusAnalyser.loadCensusData(CensusAnalyser.java:31)
	at com.bridgelabz.indiancensusAnalyser.CensusAnalyserTest.givenIndianStateCsvFile_WhenImproperHeader_ShouldThrowException(CensusAnalyserTest.java:132)
	at java.base/jdk.internal.reflect.NativeMethodAccessorImpl.invoke0(Native Method)
	at java.base/jdk.internal.reflect.NativeMethodAccessorImpl.invoke(NativeMethodAccessorImpl.java:62)
	at java.base/jdk.internal.reflect.DelegatingMethodAccessorImpl.invoke(DelegatingMethodAccessorImpl.java:43)
	at java.base/java.lang.reflect.Method.invoke(Method.java:567)
	at org.junit.runners.model.FrameworkMethod$1.runReflectiveCall(FrameworkMethod.java:50)
	at org.junit.internal.runners.model.ReflectiveCallable.run(ReflectiveCallable.java:12)
	at org.junit.runners.model.FrameworkMethod.invokeExplosively(FrameworkMethod.java:47)
	at org.junit.internal.runners.statements.InvokeMethod.evaluate(InvokeMethod.java:17)
	at org.junit.runners.ParentRunner.runLeaf(ParentRunner.java:325)
	at org.junit.runners.BlockJUnit4ClassRunner.runChild(BlockJUnit4ClassRunner.java:78)
	at org.junit.runners.BlockJUnit4ClassRunner.runChild(BlockJUnit4ClassRunner.java:57)
	at org.junit.runners.ParentRunner$3.run(ParentRunner.java:290)
	at org.junit.runners.ParentRunner$1.schedule(ParentRunner.java:71)
	at org.junit.runners.ParentRunner.runChildren(ParentRunner.java:288)
	at org.junit.runners.ParentRunner.access$000(ParentRunner.java:58)
	at org.junit.runners.ParentRunner$2.evaluate(ParentRunner.java:268)
	at org.junit.runners.ParentRunner.run(ParentRunner.java:363)
	at org.gradle.api.internal.tasks.testing.junit.JUnitTestClassExecutor.runTestClass(JUnitTestClassExecutor.java:110)
	at org.gradle.api.internal.tasks.testing.junit.JUnitTestClassExecutor.execute(JUnitTestClassExecutor.java:58)
	at org.gradle.api.internal.tasks.testing.junit.JUnitTestClassExecutor.execute(JUnitTestClassExecutor.java:38)
	at org.gradle.api.internal.tasks.testing.junit.AbstractJUnitTestClassProcessor.processTestClass(AbstractJUnitTestClassProcessor.java:62)
	at org.gradle.api.internal.tasks.testing.SuiteTestClassProcessor.processTestClass(SuiteTestClassProcessor.java:51)
	at java.base/jdk.internal.reflect.NativeMethodAccessorImpl.invoke0(Native Method)
	at java.base/jdk.internal.reflect.NativeMethodAccessorImpl.invoke(NativeMethodAccessorImpl.java:62)
	at java.base/jdk.internal.reflect.DelegatingMethodAccessorImpl.invoke(DelegatingMethodAccessorImpl.java:43)
	at java.base/java.lang.reflect.Method.invoke(Method.java:567)
	at org.gradle.internal.dispatch.ReflectionDispatch.dispatch(ReflectionDispatch.java:36)
	at org.gradle.internal.dispatch.ReflectionDispatch.dispatch(ReflectionDispatch.java:24)
	at org.gradle.internal.dispatch.ContextClassLoaderDispatch.dispatch(ContextClassLoaderDispatch.java:33)
	at org.gradle.internal.dispatch.ProxyDispatchAdapter$DispatchingInvocationHandler.invoke(ProxyDispatchAdapter.java:94)
	at com.sun.proxy.$Proxy2.processTestClass(Unknown Source)
	at org.gradle.api.internal.tasks.testing.worker.TestWorker.processTestClass(TestWorker.java:118)
	at java.base/jdk.internal.reflect.NativeMethodAccessorImpl.invoke0(Native Method)
	at java.base/jdk.internal.reflect.NativeMethodAccessorImpl.invoke(NativeMethodAccessorImpl.java:62)
	at java.base/jdk.internal.reflect.DelegatingMethodAccessorImpl.invoke(DelegatingMethodAccessorImpl.java:43)
	at java.base/java.lang.reflect.Method.invoke(Method.java:567)
	at org.gradle.internal.dispatch.ReflectionDispatch.dispatch(ReflectionDispatch.java:36)
	at org.gradle.internal.dispatch.ReflectionDispatch.dispatch(ReflectionDispatch.java:24)
	at org.gradle.internal.remote.internal.hub.MessageHubBackedObjectConnection$DispatchWrapper.dispatch(MessageHubBackedObjectConnection.java:182)
	at org.gradle.internal.remote.internal.hub.MessageHubBackedObjectConnection$DispatchWrapper.dispatch(MessageHubBackedObjectConnection.java:164)
	at org.gradle.internal.remote.internal.hub.MessageHub$Handler.run(MessageHub.java:412)
	at org.gradle.internal.concurrent.ExecutorPolicy$CatchAndRecordFailures.onExecute(ExecutorPolicy.java:64)
	at org.gradle.internal.concurrent.ManagedExecutorImpl$1.run(ManagedExecutorImpl.java:48)
	at java.base/java.util.concurrent.ThreadPoolExecutor.runWorker(ThreadPoolExecutor.java:1128)
	at java.base/java.util.concurrent.ThreadPoolExecutor$Worker.run(ThreadPoolExecutor.java:628)
	at org.gradle.internal.concurrent.ThreadFactoryImpl$ManagedThreadRunnable.run(ThreadFactoryImpl.java:56)
	at java.base/java.lang.Thread.run(Thread.java:830)
Caused by: com.opencsv.exceptions.CsvRequiredFieldEmptyException: Header is missing required fields [STATECODE,SRNO,TIN,STATE NAME]
	at com.opencsv.bean.HeaderColumnNameMappingStrategy.captureHeader(HeaderColumnNameMappingStrategy.java:126)
	at com.opencsv.bean.CsvToBean.prepareToReadInput(CsvToBean.java:466)
	... 52 more
]]></system-err>
</testsuite>
