<?xml version="1.0" encoding="UTF-8"?>
<testsuite name="com.bridgelabz.indiancensusAnalyser.CensusAnalyserTest" tests="1" skipped="0" failures="0" errors="0" timestamp="2020-07-02T00:17:26" hostname="KAJAL-LAPTOP" time="0.429">
  <properties/>
  <testcase name="giveIndiaStateCode_WhenSortOnStateCode_ShouldReturnSortedResult" classname="com.bridgelabz.indiancensusAnalyser.CensusAnalyserTest" time="0.429"/>
  <system-out><![CDATA[]]></system-out>
  <system-err><![CDATA[]]></system-err>
</testsuite>
