<?xml version="1.0" encoding="UTF-8"?>
<testsuite name="com.bridgelabz.indiancensusAnalyser.CensusAnalyserTest" tests="1" skipped="0" failures="0" errors="0" timestamp="2020-07-03T02:49:11" hostname="KAJAL-LAPTOP" time="0.434">
  <properties/>
  <testcase name="giveUsCensusData_WhenSortOnPopulation_ShouldReturnSortedResult" classname="com.bridgelabz.indiancensusAnalyser.CensusAnalyserTest" time="0.434"/>
  <system-out><![CDATA[]]></system-out>
  <system-err><![CDATA[]]></system-err>
</testsuite>
