<?xml version="1.0" encoding="UTF-8"?>
<testsuite name="com.bridgelabz.indiancensusAnalyser.CensusAnalyserTest" tests="1" skipped="0" failures="0" errors="0" timestamp="2020-06-30T04:17:02" hostname="KAJAL-LAPTOP" time="0.004">
  <properties/>
  <testcase name="givenIndiaStateData_WithWrongFilePath_ShouldThrowException" classname="com.bridgelabz.indiancensusAnalyser.CensusAnalyserTest" time="0.004"/>
  <system-out><![CDATA[]]></system-out>
  <system-err><![CDATA[]]></system-err>
</testsuite>
