<?xml version="1.0" encoding="UTF-8"?>
<testsuite name="com.bridgelabz.indiancensusAnalyser.CensusAnalyserMockitoTest" tests="1" skipped="0" failures="0" errors="0" timestamp="2020-07-13T10:57:26" hostname="KAJAL-LAPTOP" time="0.378">
  <properties/>
  <testcase name="getIndiaCensusCSVFile_ShouldReturn_MockedFile" classname="com.bridgelabz.indiancensusAnalyser.CensusAnalyserMockitoTest" time="0.378"/>
  <system-out><![CDATA[]]></system-out>
  <system-err><![CDATA[]]></system-err>
</testsuite>
