<?xml version="1.0" encoding="UTF-8"?>
<testsuite name="com.bridgelabz.indiancensusAnalyser.CensusAnalyserTest" tests="1" skipped="0" failures="1" errors="0" timestamp="2020-07-06T04:46:32" hostname="KAJAL-LAPTOP" time="0.337">
  <properties/>
  <testcase name="givenUSAndIndiaCensusFile_ShouldReturn_MostPopulousState_withDensity" classname="com.bridgelabz.indiancensusAnalyser.CensusAnalyserTest" time="0.337">
    <failure message="java.lang.AssertionError: expected:&lt;28&gt; but was:&lt;828&gt;" type="java.lang.AssertionError">java.lang.AssertionError: expected:&lt;28&gt; but was:&lt;828&gt;
	at org.junit.Assert.fail(Assert.java:88)
	at org.junit.Assert.failNotEquals(Assert.java:834)
	at org.junit.Assert.assertEquals(Assert.java:645)
	at org.junit.Assert.assertEquals(Assert.java:631)
	at com.bridgelabz.indiancensusAnalyser.CensusAnalyserTest.givenUSAndIndiaCensusFile_ShouldReturn_MostPopulousState_withDensity(CensusAnalyserTest.java:265)
	at java.base/jdk.internal.reflect.NativeMethodAccessorImpl.invoke0(Native Method)
	at java.base/jdk.internal.reflect.NativeMethodAccessorImpl.invoke(NativeMethodAccessorImpl.java:62)
	at java.base/jdk.internal.reflect.DelegatingMethodAccessorImpl.invoke(DelegatingMethodAccessorImpl.java:43)
	at java.base/java.lang.reflect.Method.invoke(Method.java:567)
	at org.junit.runners.model.FrameworkMethod$1.runReflectiveCall(FrameworkMethod.java:50)
	at org.junit.internal.runners.model.ReflectiveCallable.run(ReflectiveCallable.java:12)
	at org.junit.runners.model.FrameworkMethod.invokeExplosively(FrameworkMethod.java:47)
	at org.junit.internal.runners.statements.InvokeMethod.evaluate(InvokeMethod.java:17)
	at org.junit.runners.ParentRunner.runLeaf(ParentRunner.java:325)
	at org.junit.runners.BlockJUnit4ClassRunner.runChild(BlockJUnit4ClassRunner.java:78)
	at org.junit.runners.BlockJUnit4ClassRunner.runChild(BlockJUnit4ClassRunner.java:57)
	at org.junit.runners.ParentRunner$3.run(ParentRunner.java:290)
	at org.junit.runners.ParentRunner$1.schedule(ParentRunner.java:71)
	at org.junit.runners.ParentRunner.runChildren(ParentRunner.java:288)
	at org.junit.runners.ParentRunner.access$000(ParentRunner.java:58)
	at org.junit.runners.ParentRunner$2.evaluate(ParentRunner.java:268)
	at org.junit.runners.ParentRunner.run(ParentRunner.java:363)
	at org.gradle.api.internal.tasks.testing.junit.JUnitTestClassExecutor.runTestClass(JUnitTestClassExecutor.java:110)
	at org.gradle.api.internal.tasks.testing.junit.JUnitTestClassExecutor.execute(JUnitTestClassExecutor.java:58)
	at org.gradle.api.internal.tasks.testing.junit.JUnitTestClassExecutor.execute(JUnitTestClassExecutor.java:38)
	at org.gradle.api.internal.tasks.testing.junit.AbstractJUnitTestClassProcessor.processTestClass(AbstractJUnitTestClassProcessor.java:62)
	at org.gradle.api.internal.tasks.testing.SuiteTestClassProcessor.processTestClass(SuiteTestClassProcessor.java:51)
	at java.base/jdk.internal.reflect.NativeMethodAccessorImpl.invoke0(Native Method)
	at java.base/jdk.internal.reflect.NativeMethodAccessorImpl.invoke(NativeMethodAccessorImpl.java:62)
	at java.base/jdk.internal.reflect.DelegatingMethodAccessorImpl.invoke(DelegatingMethodAccessorImpl.java:43)
	at java.base/java.lang.reflect.Method.invoke(Method.java:567)
	at org.gradle.internal.dispatch.ReflectionDispatch.dispatch(ReflectionDispatch.java:36)
	at org.gradle.internal.dispatch.ReflectionDispatch.dispatch(ReflectionDispatch.java:24)
	at org.gradle.internal.dispatch.ContextClassLoaderDispatch.dispatch(ContextClassLoaderDispatch.java:33)
	at org.gradle.internal.dispatch.ProxyDispatchAdapter$DispatchingInvocationHandler.invoke(ProxyDispatchAdapter.java:94)
	at com.sun.proxy.$Proxy2.processTestClass(Unknown Source)
	at org.gradle.api.internal.tasks.testing.worker.TestWorker.processTestClass(TestWorker.java:118)
	at java.base/jdk.internal.reflect.NativeMethodAccessorImpl.invoke0(Native Method)
	at java.base/jdk.internal.reflect.NativeMethodAccessorImpl.invoke(NativeMethodAccessorImpl.java:62)
	at java.base/jdk.internal.reflect.DelegatingMethodAccessorImpl.invoke(DelegatingMethodAccessorImpl.java:43)
	at java.base/java.lang.reflect.Method.invoke(Method.java:567)
	at org.gradle.internal.dispatch.ReflectionDispatch.dispatch(ReflectionDispatch.java:36)
	at org.gradle.internal.dispatch.ReflectionDispatch.dispatch(ReflectionDispatch.java:24)
	at org.gradle.internal.remote.internal.hub.MessageHubBackedObjectConnection$DispatchWrapper.dispatch(MessageHubBackedObjectConnection.java:182)
	at org.gradle.internal.remote.internal.hub.MessageHubBackedObjectConnection$DispatchWrapper.dispatch(MessageHubBackedObjectConnection.java:164)
	at org.gradle.internal.remote.internal.hub.MessageHub$Handler.run(MessageHub.java:412)
	at org.gradle.internal.concurrent.ExecutorPolicy$CatchAndRecordFailures.onExecute(ExecutorPolicy.java:64)
	at org.gradle.internal.concurrent.ManagedExecutorImpl$1.run(ManagedExecutorImpl.java:48)
	at java.base/java.util.concurrent.ThreadPoolExecutor.runWorker(ThreadPoolExecutor.java:1128)
	at java.base/java.util.concurrent.ThreadPoolExecutor$Worker.run(ThreadPoolExecutor.java:628)
	at org.gradle.internal.concurrent.ThreadFactoryImpl$ManagedThreadRunnable.run(ThreadFactoryImpl.java:56)
	at java.base/java.lang.Thread.run(Thread.java:830)
</failure>
  </testcase>
  <system-out><![CDATA[[com.bridgelabz.indiancensusanalyser.model.CensusDAO@3cf12669, com.bridgelabz.indiancensusanalyser.model.CensusDAO@24daa7, com.bridgelabz.indiancensusanalyser.model.CensusDAO@28d06874, com.bridgelabz.indiancensusanalyser.model.CensusDAO@2a496741, com.bridgelabz.indiancensusanalyser.model.CensusDAO@1fbece0f, com.bridgelabz.indiancensusanalyser.model.CensusDAO@3969debd, com.bridgelabz.indiancensusanalyser.model.CensusDAO@12d1822c, com.bridgelabz.indiancensusanalyser.model.CensusDAO@73c39c58, com.bridgelabz.indiancensusanalyser.model.CensusDAO@1ae4ea99, com.bridgelabz.indiancensusanalyser.model.CensusDAO@6d0f534e, com.bridgelabz.indiancensusanalyser.model.CensusDAO@73516c21, com.bridgelabz.indiancensusanalyser.model.CensusDAO@1c1f1f4f, com.bridgelabz.indiancensusanalyser.model.CensusDAO@21128e77, com.bridgelabz.indiancensusanalyser.model.CensusDAO@36102c38, com.bridgelabz.indiancensusanalyser.model.CensusDAO@4ed87ebf, com.bridgelabz.indiancensusanalyser.model.CensusDAO@2ad9e54c, com.bridgelabz.indiancensusanalyser.model.CensusDAO@1f8db756, com.bridgelabz.indiancensusanalyser.model.CensusDAO@284b2973, com.bridgelabz.indiancensusanalyser.model.CensusDAO@256b9743, com.bridgelabz.indiancensusanalyser.model.CensusDAO@407df527, com.bridgelabz.indiancensusanalyser.model.CensusDAO@3238cd79, com.bridgelabz.indiancensusanalyser.model.CensusDAO@43c97afc, com.bridgelabz.indiancensusanalyser.model.CensusDAO@3ae13c49, com.bridgelabz.indiancensusanalyser.model.CensusDAO@159a22ff, com.bridgelabz.indiancensusanalyser.model.CensusDAO@613d6630, com.bridgelabz.indiancensusanalyser.model.CensusDAO@69abee71, com.bridgelabz.indiancensusanalyser.model.CensusDAO@5a9b8479, com.bridgelabz.indiancensusanalyser.model.CensusDAO@1e52c80f, com.bridgelabz.indiancensusanalyser.model.CensusDAO@14d43113]
]]></system-out>
  <system-err><![CDATA[]]></system-err>
</testsuite>
