<?xml version="1.0" encoding="UTF-8"?>
<testsuite name="com.bridgelabz.indiancensusAnalyser.CensusAnalyserTest" tests="1" skipped="0" failures="0" errors="0" timestamp="2020-07-04T14:38:56" hostname="KAJAL-LAPTOP" time="0.053">
  <properties/>
  <testcase name="givenIndiaStateData_WithWrongFileState_ShouldThrowException" classname="com.bridgelabz.indiancensusAnalyser.CensusAnalyserTest" time="0.053"/>
  <system-out><![CDATA[.\src\test\resources\IndiaStateCode.sh
]]></system-out>
  <system-err><![CDATA[]]></system-err>
</testsuite>
