<?xml version="1.0" encoding="UTF-8"?>
<testsuite name="com.bridgelabz.indiancensusAnalyser.CensusAnalyserTest" tests="1" skipped="0" failures="0" errors="0" timestamp="2020-06-29T14:17:19" hostname="KAJAL-LAPTOP" time="0.043">
  <properties/>
  <testcase name="givenIndiaCensusData_WithWrongFile_ShouldThrowException" classname="com.bridgelabz.indiancensusAnalyser.CensusAnalyserTest" time="0.043"/>
  <system-out><![CDATA[]]></system-out>
  <system-err><![CDATA[]]></system-err>
</testsuite>
